<?xml version="1.0" encoding="UTF-8"?>
<!-- Generated by org.testng.reporters.JUnitXMLReporter -->
<testsuite ignored="0" hostname="DESKTOP-L24NCKJ" failures="0" tests="3" name="Test" time="57.139" errors="0" timestamp="25 Oct 2023 16:18:32 GMT">
  <testcase classname="com.testng.dataprovider.excel.Sample" name="TestLogin" time="32.809"/>
  <testcase classname="com.testng.dataprovider.excel.Sample" name="TestLogin" time="11.57"/>
  <testcase classname="com.testng.dataprovider.excel.Sample" name="TestLogin" time="11.38"/>
</testsuite> <!-- Test -->
